c:\users\serha\downloads\lvgltest2\lv_sim_visual_studio\output\objects\debug\lvgl.simulator\x64\img_benchmark_cogwheel_rgb565a8.obj
c:\users\serha\downloads\lvgltest2\lv_sim_visual_studio\output\objects\debug\lvgl.simulator\x64\lv_font_bechmark_montserrat_28_compr_az.c.obj
c:\users\serha\downloads\lvgltest2\lv_sim_visual_studio\output\objects\debug\lvgl.simulator\x64\img_lv_demo_music_btn_loop.obj
c:\users\serha\downloads\lvgltest2\lv_sim_visual_studio\output\objects\debug\lvgl.simulator\x64\img_lv_demo_music_btn_prev.obj
c:\users\serha\downloads\lvgltest2\lv_sim_visual_studio\output\objects\debug\lvgl.simulator\x64\img_lv_demo_music_corner_right_large.obj
c:\users\serha\downloads\lvgltest2\lv_sim_visual_studio\output\objects\debug\lvgl.simulator\x64\img_lv_demo_music_icon_1_large.obj
c:\users\serha\downloads\lvgltest2\lv_sim_visual_studio\output\objects\debug\lvgl.simulator\x64\img_lv_demo_music_icon_4.obj
c:\users\serha\downloads\lvgltest2\lv_sim_visual_studio\output\objects\debug\lvgl.simulator\x64\img_lv_demo_music_slider_knob.obj
c:\users\serha\downloads\lvgltest2\lv_sim_visual_studio\output\objects\debug\lvgl.simulator\x64\img_lv_demo_music_wave_top.obj
c:\users\serha\downloads\lvgltest2\lv_sim_visual_studio\output\objects\debug\lvgl.simulator\x64\lv_demo_music_main.obj
c:\users\serha\downloads\lvgltest2\lv_sim_visual_studio\output\objects\debug\lvgl.simulator\x64\img_lvgl_logo.obj
c:\users\serha\downloads\lvgltest2\lv_sim_visual_studio\output\objects\debug\lvgl.simulator\x64\lv_example_anim_3.obj
c:\users\serha\downloads\lvgltest2\lv_sim_visual_studio\output\objects\debug\lvgl.simulator\x64\imgbtn_left.obj
c:\users\serha\downloads\lvgltest2\lv_sim_visual_studio\output\objects\debug\lvgl.simulator\x64\img_cogwheel_alpha16.obj
c:\users\serha\downloads\lvgltest2\lv_sim_visual_studio\output\objects\debug\lvgl.simulator\x64\img_star.obj
c:\users\serha\downloads\lvgltest2\lv_sim_visual_studio\output\objects\debug\lvgl.simulator\x64\lv_example_flex_1.obj
c:\users\serha\downloads\lvgltest2\lv_sim_visual_studio\output\objects\debug\lvgl.simulator\x64\lv_example_grid_2.obj
c:\users\serha\downloads\lvgltest2\lv_sim_visual_studio\output\objects\debug\lvgl.simulator\x64\lv_example_freetype_1.obj
c:\users\serha\downloads\lvgltest2\lv_sim_visual_studio\output\objects\debug\lvgl.simulator\x64\lv_example_rlottie_approve.obj
c:\users\serha\downloads\lvgltest2\lv_sim_visual_studio\output\objects\debug\lvgl.simulator\x64\lv_example_ime_pinyin_1.obj
c:\users\serha\downloads\lvgltest2\lv_sim_visual_studio\output\objects\debug\lvgl.simulator\x64\lv_example_msg_3.obj
c:\users\serha\downloads\lvgltest2\lv_sim_visual_studio\output\objects\debug\lvgl.simulator\x64\lv_example_style_1.obj
c:\users\serha\downloads\lvgltest2\lv_sim_visual_studio\output\objects\debug\lvgl.simulator\x64\lv_example_style_3.obj
c:\users\serha\downloads\lvgltest2\lv_sim_visual_studio\output\objects\debug\lvgl.simulator\x64\lv_example_arc_1.obj
c:\users\serha\downloads\lvgltest2\lv_sim_visual_studio\output\objects\debug\lvgl.simulator\x64\lv_example_btn_1.obj
c:\users\serha\downloads\lvgltest2\lv_sim_visual_studio\output\objects\debug\lvgl.simulator\x64\lv_example_canvas_2.obj
c:\users\serha\downloads\lvgltest2\lv_sim_visual_studio\output\objects\debug\lvgl.simulator\x64\lv_example_chart_7.obj
c:\users\serha\downloads\lvgltest2\lv_sim_visual_studio\output\objects\debug\lvgl.simulator\x64\lv_example_dropdown_3.obj
c:\users\serha\downloads\lvgltest2\lv_sim_visual_studio\output\objects\debug\lvgl.simulator\x64\lv_example_label_3.obj
c:\users\serha\downloads\lvgltest2\lv_sim_visual_studio\output\objects\debug\lvgl.simulator\x64\lv_example_menu_2.obj
c:\users\serha\downloads\lvgltest2\lv_sim_visual_studio\output\objects\debug\lvgl.simulator\x64\lv_example_msgbox_1.obj
c:\users\serha\downloads\lvgltest2\lv_sim_visual_studio\output\objects\debug\lvgl.simulator\x64\lv_example_slider_2.obj
c:\users\serha\downloads\lvgltest2\lv_sim_visual_studio\output\objects\debug\lvgl.simulator\x64\lv_example_tabview_1.obj
c:\users\serha\downloads\lvgltest2\lv_sim_visual_studio\output\objects\debug\lvgl.simulator\x64\lv_group.obj
c:\users\serha\downloads\lvgltest2\lv_sim_visual_studio\output\objects\debug\lvgl.simulator\x64\lv_obj_pos.obj
c:\users\serha\downloads\lvgltest2\lv_sim_visual_studio\output\objects\debug\lvgl.simulator\x64\lv_gpu_nxp_pxp.obj
c:\users\serha\downloads\lvgltest2\lv_sim_visual_studio\output\objects\debug\lvgl.simulator\x64\lv_draw_vglite_rect.obj
c:\users\serha\downloads\lvgltest2\lv_sim_visual_studio\output\objects\debug\lvgl.simulator\x64\lv_draw_sdl.obj
c:\users\serha\downloads\lvgltest2\lv_sim_visual_studio\output\objects\debug\lvgl.simulator\x64\lv_draw_sdl_line.obj
c:\users\serha\downloads\lvgltest2\lv_sim_visual_studio\output\objects\debug\lvgl.simulator\x64\lv_draw_sw_arc.obj
c:\users\serha\downloads\lvgltest2\lv_sim_visual_studio\output\objects\debug\lvgl.simulator\x64\lv_draw_sw_transform.obj
c:\users\serha\downloads\lvgltest2\lv_sim_visual_studio\output\objects\debug\lvgl.simulator\x64\lv_draw_mask.obj
c:\users\serha\downloads\lvgltest2\lv_sim_visual_studio\output\objects\debug\lvgl.simulator\x64\lv_freetype.obj
c:\users\serha\downloads\lvgltest2\lv_sim_visual_studio\output\objects\debug\lvgl.simulator\x64\lv_qrcode.obj
c:\users\serha\downloads\lvgltest2\lv_sim_visual_studio\output\objects\debug\lvgl.simulator\x64\lv_fragment_manager.obj
c:\users\serha\downloads\lvgltest2\lv_sim_visual_studio\output\objects\debug\lvgl.simulator\x64\lv_msg.obj
c:\users\serha\downloads\lvgltest2\lv_sim_visual_studio\output\objects\debug\lvgl.simulator\x64\lv_theme_mono.obj
c:\users\serha\downloads\lvgltest2\lv_sim_visual_studio\output\objects\debug\lvgl.simulator\x64\lv_keyboard.obj
c:\users\serha\downloads\lvgltest2\lv_sim_visual_studio\output\objects\debug\lvgl.simulator\x64\lv_meter.obj
c:\users\serha\downloads\lvgltest2\lv_sim_visual_studio\output\objects\debug\lvgl.simulator\x64\lv_font_dejavu_16_persian_hebrew.obj
c:\users\serha\downloads\lvgltest2\lv_sim_visual_studio\output\objects\debug\lvgl.simulator\x64\lv_font_montserrat_24.obj
c:\users\serha\downloads\lvgltest2\lv_sim_visual_studio\output\objects\debug\lvgl.simulator\x64\lv_font_montserrat_38.obj
c:\users\serha\downloads\lvgltest2\lv_sim_visual_studio\output\objects\debug\lvgl.simulator\x64\lv_font_unscii_16.obj
c:\users\serha\downloads\lvgltest2\lv_sim_visual_studio\output\objects\debug\lvgl.simulator\x64\lv_anim.obj
c:\users\serha\downloads\lvgltest2\lv_sim_visual_studio\output\objects\debug\lvgl.simulator\x64\lv_gc.obj
c:\users\serha\downloads\lvgltest2\lv_sim_visual_studio\output\objects\debug\lvgl.simulator\x64\lv_printf.obj
c:\users\serha\downloads\lvgltest2\lv_sim_visual_studio\output\objects\debug\lvgl.simulator\x64\lv_txt.obj
c:\users\serha\downloads\lvgltest2\lv_sim_visual_studio\output\objects\debug\lvgl.simulator\x64\lv_canvas.obj
c:\users\serha\downloads\lvgltest2\lv_sim_visual_studio\output\objects\debug\lvgl.simulator\x64\lv_slider.obj
c:\users\serha\downloads\lvgltest2\lv_sim_visual_studio\output\objects\debug\lvgl.simulator\x64\test_mem.obj
c:\users\serha\downloads\lvgltest2\lv_sim_visual_studio\output\objects\debug\lvgl.simulator\x64\test_table.obj
c:\users\serha\downloads\lvgltest2\lv_sim_visual_studio\output\objects\debug\lvgl.simulator\x64\unity.obj
c:\users\serha\downloads\lvgltest2\lv_sim_visual_studio\output\objects\debug\lvgl.simulator\x64\st7565.obj
c:\users\serha\downloads\lvgltest2\lv_sim_visual_studio\output\objects\debug\lvgl.simulator\x64\xpt2046.obj
c:\users\serha\downloads\lvgltest2\lv_sim_visual_studio\output\objects\debug\lvgl.simulator\x64\10_t_boru.obj
c:\users\serha\downloads\lvgltest2\lv_sim_visual_studio\output\objects\debug\lvgl.simulator\x64\6_dirsek.obj
c:\users\serha\downloads\lvgltest2\lv_sim_visual_studio\output\objects\debug\lvgl.simulator\x64\button_cipstart_pressed.obj
c:\users\serha\downloads\lvgltest2\lv_sim_visual_studio\output\objects\debug\lvgl.simulator\x64\dosing_pump_error.obj
c:\users\serha\downloads\lvgltest2\lv_sim_visual_studio\output\objects\debug\lvgl.simulator\x64\dosing_tank_normal.obj
c:\users\serha\downloads\lvgltest2\lv_sim_visual_studio\output\objects\debug\lvgl.simulator\x64\membrane_normal.obj
c:\users\serha\downloads\lvgltest2\lv_sim_visual_studio\output\objects\debug\lvgl.simulator\x64\ui_font_gothamnarrowbook14.obj
c:\users\serha\downloads\lvgltest2\lv_sim_visual_studio\output\objects\debug\lvgl.simulator\x64\dirsek_10.obj
c:\users\serha\downloads\lvgltest2\lv_sim_visual_studio\output\objects\debug\lvgl.simulator\x64\label.obj
c:\users\serha\downloads\lvgltest2\lv_sim_visual_studio\output\objects\debug\lvgl.simulator\x64\autofit.obj
c:\users\serha\downloads\lvgltest2\lv_sim_visual_studio\output\objects\debug\lvgl.simulator\x64\ftgxval.obj
c:\users\serha\downloads\lvgltest2\lv_sim_visual_studio\output\objects\debug\lvgl.simulator\x64\ftwinfnt.obj
c:\users\serha\downloads\lvgltest2\lv_sim_visual_studio\output\objects\debug\lvgl.simulator\x64\pfr.obj
c:\users\serha\downloads\lvgltest2\lv_sim_visual_studio\output\objects\debug\lvgl.simulator\x64\svg.obj
c:\users\serha\downloads\lvgltest2\lv_sim_visual_studio\output\objects\debug\lvgl.simulator\x64\ftsystem.obj
c:\users\serha\downloads\lvgltest2\lv_sim_visual_studio\output\objects\debug\lvgl.simulator\x64\lv_font_bechmark_montserrat_16_compr_az.c.obj
c:\users\serha\downloads\lvgltest2\lv_sim_visual_studio\output\objects\debug\lvgl.simulator\x64\img_lv_demo_music_btn_list_pause.obj
c:\users\serha\downloads\lvgltest2\lv_sim_visual_studio\output\objects\debug\lvgl.simulator\x64\img_lv_demo_music_btn_pause_large.obj
c:\users\serha\downloads\lvgltest2\lv_sim_visual_studio\output\objects\debug\lvgl.simulator\x64\img_lv_demo_music_corner_right.obj
c:\users\serha\downloads\lvgltest2\lv_sim_visual_studio\output\objects\debug\lvgl.simulator\x64\img_lv_demo_music_icon_1.obj
c:\users\serha\downloads\lvgltest2\lv_sim_visual_studio\output\objects\debug\lvgl.simulator\x64\img_lv_demo_music_icon_3_large.obj
c:\users\serha\downloads\lvgltest2\lv_sim_visual_studio\output\objects\debug\lvgl.simulator\x64\img_lv_demo_music_logo.obj
c:\users\serha\downloads\lvgltest2\lv_sim_visual_studio\output\objects\debug\lvgl.simulator\x64\lv_demo_music.obj
c:\users\serha\downloads\lvgltest2\lv_sim_visual_studio\output\objects\debug\lvgl.simulator\x64\lv_demo_stress.obj
c:\users\serha\downloads\lvgltest2\lv_sim_visual_studio\output\objects\debug\lvgl.simulator\x64\lv_demo_widgets.obj
c:\users\serha\downloads\lvgltest2\lv_sim_visual_studio\output\objects\debug\lvgl.simulator\x64\lv_example_anim_timeline_1.obj
c:\users\serha\downloads\lvgltest2\lv_sim_visual_studio\output\objects\debug\lvgl.simulator\x64\animimg003.obj
c:\users\serha\downloads\lvgltest2\lv_sim_visual_studio\output\objects\debug\lvgl.simulator\x64\lv_example_event_1.obj
c:\users\serha\downloads\lvgltest2\lv_sim_visual_studio\output\objects\debug\lvgl.simulator\x64\lv_example_flex_2.obj
c:\users\serha\downloads\lvgltest2\lv_sim_visual_studio\output\objects\debug\lvgl.simulator\x64\lv_example_grid_4.obj
c:\users\serha\downloads\lvgltest2\lv_sim_visual_studio\output\objects\debug\lvgl.simulator\x64\lv_example_gif_1.obj
c:\users\serha\downloads\lvgltest2\lv_sim_visual_studio\output\objects\debug\lvgl.simulator\x64\lv_example_sjpg_1.obj
c:\users\serha\downloads\lvgltest2\lv_sim_visual_studio\output\objects\debug\lvgl.simulator\x64\lv_example_ime_pinyin_2.obj
c:\users\serha\downloads\lvgltest2\lv_sim_visual_studio\output\objects\debug\lvgl.simulator\x64\lv_example_snapshot_1.obj
c:\users\serha\downloads\lvgltest2\lv_sim_visual_studio\output\objects\debug\lvgl.simulator\x64\lv_example_style_10.obj
c:\users\serha\downloads\lvgltest2\lv_sim_visual_studio\output\objects\debug\lvgl.simulator\x64\lv_example_style_4.obj
c:\users\serha\downloads\lvgltest2\lv_sim_visual_studio\output\objects\debug\lvgl.simulator\x64\lv_example_arc_2.obj
c:\users\serha\downloads\lvgltest2\lv_sim_visual_studio\output\objects\debug\lvgl.simulator\x64\lv_example_btn_2.obj
c:\users\serha\downloads\lvgltest2\lv_sim_visual_studio\output\objects\debug\lvgl.simulator\x64\lv_example_chart_1.obj
c:\users\serha\downloads\lvgltest2\lv_sim_visual_studio\output\objects\debug\lvgl.simulator\x64\lv_example_chart_9.obj
c:\users\serha\downloads\lvgltest2\lv_sim_visual_studio\output\objects\debug\lvgl.simulator\x64\lv_example_img_2.obj
c:\users\serha\downloads\lvgltest2\lv_sim_visual_studio\output\objects\debug\lvgl.simulator\x64\lv_example_label_4.obj
c:\users\serha\downloads\lvgltest2\lv_sim_visual_studio\output\objects\debug\lvgl.simulator\x64\lv_example_menu_3.obj
c:\users\serha\downloads\lvgltest2\lv_sim_visual_studio\output\objects\debug\lvgl.simulator\x64\lv_example_obj_1.obj
c:\users\serha\downloads\lvgltest2\lv_sim_visual_studio\output\objects\debug\lvgl.simulator\x64\lv_example_span_1.obj
c:\users\serha\downloads\lvgltest2\lv_sim_visual_studio\output\objects\debug\lvgl.simulator\x64\lv_example_textarea_1.obj
c:\users\serha\downloads\lvgltest2\lv_sim_visual_studio\output\objects\debug\lvgl.simulator\x64\lv_indev.obj
c:\users\serha\downloads\lvgltest2\lv_sim_visual_studio\output\objects\debug\lvgl.simulator\x64\lv_obj_style.obj
c:\users\serha\downloads\lvgltest2\lv_sim_visual_studio\output\objects\debug\lvgl.simulator\x64\lv_gpu_nxp_pxp_osa.obj
c:\users\serha\downloads\lvgltest2\lv_sim_visual_studio\output\objects\debug\lvgl.simulator\x64\lv_gpu_nxp_vglite.obj
c:\users\serha\downloads\lvgltest2\lv_sim_visual_studio\output\objects\debug\lvgl.simulator\x64\lv_draw_sdl_composite.obj
c:\users\serha\downloads\lvgltest2\lv_sim_visual_studio\output\objects\debug\lvgl.simulator\x64\lv_draw_sdl_rect.obj
c:\users\serha\downloads\lvgltest2\lv_sim_visual_studio\output\objects\debug\lvgl.simulator\x64\lv_draw_sw_blend.obj
c:\users\serha\downloads\lvgltest2\lv_sim_visual_studio\output\objects\debug\lvgl.simulator\x64\lv_gpu_swm341_dma2d.obj
c:\users\serha\downloads\lvgltest2\lv_sim_visual_studio\output\objects\debug\lvgl.simulator\x64\lv_draw_triangle.obj
c:\users\serha\downloads\lvgltest2\lv_sim_visual_studio\output\objects\debug\lvgl.simulator\x64\lv_flex.obj
c:\users\serha\downloads\lvgltest2\lv_sim_visual_studio\output\objects\debug\lvgl.simulator\x64\lv_fs_win32.obj
c:\users\serha\downloads\lvgltest2\lv_sim_visual_studio\output\objects\debug\lvgl.simulator\x64\lv_win.obj
c:\users\serha\downloads\lvgltest2\lv_sim_visual_studio\output\objects\debug\lvgl.simulator\x64\lv_font_montserrat_14.obj
c:\users\serha\downloads\lvgltest2\lv_sim_visual_studio\output\objects\debug\lvgl.simulator\x64\lv_font_montserrat_28_compressed.obj
c:\users\serha\downloads\lvgltest2\lv_sim_visual_studio\output\objects\debug\lvgl.simulator\x64\lv_font_montserrat_42.obj
c:\users\serha\downloads\lvgltest2\lv_sim_visual_studio\output\objects\debug\lvgl.simulator\x64\lv_hal_disp.obj
c:\users\serha\downloads\lvgltest2\lv_sim_visual_studio\output\objects\debug\lvgl.simulator\x64\lv_bidi.obj
c:\users\serha\downloads\lvgltest2\lv_sim_visual_studio\output\objects\debug\lvgl.simulator\x64\lv_lru.obj
c:\users\serha\downloads\lvgltest2\lv_sim_visual_studio\output\objects\debug\lvgl.simulator\x64\lv_templ.obj
c:\users\serha\downloads\lvgltest2\lv_sim_visual_studio\output\objects\debug\lvgl.simulator\x64\lv_tlsf.obj
c:\users\serha\downloads\lvgltest2\lv_sim_visual_studio\output\objects\debug\lvgl.simulator\x64\lv_dropdown.obj
c:\users\serha\downloads\lvgltest2\lv_sim_visual_studio\output\objects\debug\lvgl.simulator\x64\lv_table.obj
c:\users\serha\downloads\lvgltest2\lv_sim_visual_studio\output\objects\debug\lvgl.simulator\x64\test_obj_tree.obj
c:\users\serha\downloads\lvgltest2\lv_sim_visual_studio\output\objects\debug\lvgl.simulator\x64\test_textarea.obj
c:\users\serha\downloads\lvgltest2\lv_sim_visual_studio\output\objects\debug\lvgl.simulator\x64\lv_test_indev.obj
c:\users\serha\downloads\lvgltest2\lv_sim_visual_studio\output\objects\debug\lvgl.simulator\x64\ili9341.obj
c:\users\serha\downloads\lvgltest2\lv_sim_visual_studio\output\objects\debug\lvgl.simulator\x64\ft5406ee8.obj
c:\users\serha\downloads\lvgltest2\lv_sim_visual_studio\output\objects\debug\lvgl.simulator\x64\10_dirsek.obj
c:\users\serha\downloads\lvgltest2\lv_sim_visual_studio\output\objects\debug\lvgl.simulator\x64\4_valf_run.obj
c:\users\serha\downloads\lvgltest2\lv_sim_visual_studio\output\objects\debug\lvgl.simulator\x64\boru_6.obj
c:\users\serha\downloads\lvgltest2\lv_sim_visual_studio\output\objects\debug\lvgl.simulator\x64\button_start_pressed.obj
c:\users\serha\downloads\lvgltest2\lv_sim_visual_studio\output\objects\debug\lvgl.simulator\x64\dosing_pump_stop.obj
c:\users\serha\downloads\lvgltest2\lv_sim_visual_studio\output\objects\debug\lvgl.simulator\x64\info.obj
c:\users\serha\downloads\lvgltest2\lv_sim_visual_studio\output\objects\debug\lvgl.simulator\x64\t_boru_dosing.obj
c:\users\serha\downloads\lvgltest2\lv_sim_visual_studio\output\objects\debug\lvgl.simulator\x64\background.obj
c:\users\serha\downloads\lvgltest2\lv_sim_visual_studio\output\objects\debug\lvgl.simulator\x64\dirsek_6.obj
c:\users\serha\downloads\lvgltest2\lv_sim_visual_studio\output\objects\debug\lvgl.simulator\x64\membrane.obj
c:\users\serha\downloads\lvgltest2\lv_sim_visual_studio\output\objects\debug\lvgl.simulator\x64\ftbase.obj
c:\users\serha\downloads\lvgltest2\lv_sim_visual_studio\output\objects\debug\lvgl.simulator\x64\ftpfr.obj
c:\users\serha\downloads\lvgltest2\lv_sim_visual_studio\output\objects\debug\lvgl.simulator\x64\ftcache.obj
c:\users\serha\downloads\lvgltest2\lv_sim_visual_studio\output\objects\debug\lvgl.simulator\x64\psmodule.obj
c:\users\serha\downloads\lvgltest2\lv_sim_visual_studio\output\objects\debug\lvgl.simulator\x64\ftdebug.obj
c:\users\serha\downloads\lvgltest2\lv_sim_visual_studio\output\objects\debug\lvgl.simulator\x64\img_benchmark_cogwheel_argb.obj
c:\users\serha\downloads\lvgltest2\lv_sim_visual_studio\output\objects\debug\lvgl.simulator\x64\img_lv_demo_music_btn_list_play_large.obj
c:\users\serha\downloads\lvgltest2\lv_sim_visual_studio\output\objects\debug\lvgl.simulator\x64\img_lv_demo_music_btn_play.obj
c:\users\serha\downloads\lvgltest2\lv_sim_visual_studio\output\objects\debug\lvgl.simulator\x64\img_lv_demo_music_corner_left_large.obj
c:\users\serha\downloads\lvgltest2\lv_sim_visual_studio\output\objects\debug\lvgl.simulator\x64\img_lv_demo_music_cover_3.obj
c:\users\serha\downloads\lvgltest2\lv_sim_visual_studio\output\objects\debug\lvgl.simulator\x64\img_lv_demo_music_icon_3.obj
c:\users\serha\downloads\lvgltest2\lv_sim_visual_studio\output\objects\debug\lvgl.simulator\x64\img_lv_demo_music_list_border_large.obj
c:\users\serha\downloads\lvgltest2\lv_sim_visual_studio\output\objects\debug\lvgl.simulator\x64\img_lv_demo_music_wave_bottom_large.obj
c:\users\serha\downloads\lvgltest2\lv_sim_visual_studio\output\objects\debug\lvgl.simulator\x64\img_demo_widgets_avatar.obj
c:\users\serha\downloads\lvgltest2\lv_sim_visual_studio\output\objects\debug\lvgl.simulator\x64\animimg002.obj
c:\users\serha\downloads\lvgltest2\lv_sim_visual_studio\output\objects\debug\lvgl.simulator\x64\img_skew_strip.obj
c:\users\serha\downloads\lvgltest2\lv_sim_visual_studio\output\objects\debug\lvgl.simulator\x64\lv_example_get_started_2.obj
c:\users\serha\downloads\lvgltest2\lv_sim_visual_studio\output\objects\debug\lvgl.simulator\x64\lv_example_grid_1.obj
c:\users\serha\downloads\lvgltest2\lv_sim_visual_studio\output\objects\debug\lvgl.simulator\x64\lv_example_ffmpeg_2.obj
c:\users\serha\downloads\lvgltest2\lv_sim_visual_studio\output\objects\debug\lvgl.simulator\x64\lv_example_rlottie_2.obj
c:\users\serha\downloads\lvgltest2\lv_sim_visual_studio\output\objects\debug\lvgl.simulator\x64\lv_example_gridnav_4.obj
c:\users\serha\downloads\lvgltest2\lv_sim_visual_studio\output\objects\debug\lvgl.simulator\x64\lv_example_msg_1.obj
c:\users\serha\downloads\lvgltest2\lv_sim_visual_studio\output\objects\debug\lvgl.simulator\x64\lv_example_scroll_5.obj
c:\users\serha\downloads\lvgltest2\lv_sim_visual_studio\output\objects\debug\lvgl.simulator\x64\lv_example_style_15.obj
c:\users\serha\downloads\lvgltest2\lv_sim_visual_studio\output\objects\debug\lvgl.simulator\x64\lv_example_style_9.obj
c:\users\serha\downloads\lvgltest2\lv_sim_visual_studio\output\objects\debug\lvgl.simulator\x64\lv_example_bar_6.obj
c:\users\serha\downloads\lvgltest2\lv_sim_visual_studio\output\objects\debug\lvgl.simulator\x64\lv_example_canvas_1.obj
c:\users\serha\downloads\lvgltest2\lv_sim_visual_studio\output\objects\debug\lvgl.simulator\x64\lv_example_chart_8.obj
c:\users\serha\downloads\lvgltest2\lv_sim_visual_studio\output\objects\debug\lvgl.simulator\x64\lv_example_img_1.obj
c:\users\serha\downloads\lvgltest2\lv_sim_visual_studio\output\objects\debug\lvgl.simulator\x64\lv_example_label_2.obj
c:\users\serha\downloads\lvgltest2\lv_sim_visual_studio\output\objects\debug\lvgl.simulator\x64\lv_example_menu_1.obj
c:\users\serha\downloads\lvgltest2\lv_sim_visual_studio\output\objects\debug\lvgl.simulator\x64\lv_example_meter_3.obj
c:\users\serha\downloads\lvgltest2\lv_sim_visual_studio\output\objects\debug\lvgl.simulator\x64\lv_example_slider_1.obj
c:\users\serha\downloads\lvgltest2\lv_sim_visual_studio\output\objects\debug\lvgl.simulator\x64\lv_example_table_2.obj
c:\users\serha\downloads\lvgltest2\lv_sim_visual_studio\output\objects\debug\lvgl.simulator\x64\lv_example_win_1.obj
c:\users\serha\downloads\lvgltest2\lv_sim_visual_studio\output\objects\debug\lvgl.simulator\x64\lv_obj_style_gen.obj
c:\users\serha\downloads\lvgltest2\lv_sim_visual_studio\output\objects\debug\lvgl.simulator\x64\lv_draw_vglite_arc.obj
c:\users\serha\downloads\lvgltest2\lv_sim_visual_studio\output\objects\debug\lvgl.simulator\x64\lv_draw_sdl_arc.obj
c:\users\serha\downloads\lvgltest2\lv_sim_visual_studio\output\objects\debug\lvgl.simulator\x64\lv_draw_sdl_mask.obj
c:\users\serha\downloads\lvgltest2\lv_sim_visual_studio\output\objects\debug\lvgl.simulator\x64\lv_draw_sw.obj
c:\users\serha\downloads\lvgltest2\lv_sim_visual_studio\output\objects\debug\lvgl.simulator\x64\lv_draw_sw_line.obj
c:\users\serha\downloads\lvgltest2\lv_sim_visual_studio\output\objects\debug\lvgl.simulator\x64\lv_draw_layer.obj
c:\users\serha\downloads\lvgltest2\lv_sim_visual_studio\output\objects\debug\lvgl.simulator\x64\lv_img_cache.obj
c:\users\serha\downloads\lvgltest2\lv_sim_visual_studio\output\objects\debug\lvgl.simulator\x64\lv_fs_posix.obj
c:\users\serha\downloads\lvgltest2\lv_sim_visual_studio\output\objects\debug\lvgl.simulator\x64\qrcodegen.obj
c:\users\serha\downloads\lvgltest2\lv_sim_visual_studio\output\objects\debug\lvgl.simulator\x64\tjpgd.obj
c:\users\serha\downloads\lvgltest2\lv_sim_visual_studio\output\objects\debug\lvgl.simulator\x64\lv_ime_pinyin.obj
c:\users\serha\downloads\lvgltest2\lv_sim_visual_studio\output\objects\debug\lvgl.simulator\x64\lv_calendar_header_dropdown.obj
c:\users\serha\downloads\lvgltest2\lv_sim_visual_studio\output\objects\debug\lvgl.simulator\x64\lv_imgbtn.obj
c:\users\serha\downloads\lvgltest2\lv_sim_visual_studio\output\objects\debug\lvgl.simulator\x64\lv_tileview.obj
c:\users\serha\downloads\lvgltest2\lv_sim_visual_studio\output\objects\debug\lvgl.simulator\x64\lv_font.obj
c:\users\serha\downloads\lvgltest2\lv_sim_visual_studio\output\objects\debug\lvgl.simulator\x64\lv_font_montserrat_12_subpx.obj
c:\users\serha\downloads\lvgltest2\lv_sim_visual_studio\output\objects\debug\lvgl.simulator\x64\lv_font_montserrat_28.obj
c:\users\serha\downloads\lvgltest2\lv_sim_visual_studio\output\objects\debug\lvgl.simulator\x64\lv_font_montserrat_44.obj
c:\users\serha\downloads\lvgltest2\lv_sim_visual_studio\output\objects\debug\lvgl.simulator\x64\lv_hal_indev.obj
c:\users\serha\downloads\lvgltest2\lv_sim_visual_studio\output\objects\debug\lvgl.simulator\x64\lv_area.obj
c:\users\serha\downloads\lvgltest2\lv_sim_visual_studio\output\objects\debug\lvgl.simulator\x64\lv_color.obj
c:\users\serha\downloads\lvgltest2\lv_sim_visual_studio\output\objects\debug\lvgl.simulator\x64\lv_math.obj
c:\users\serha\downloads\lvgltest2\lv_sim_visual_studio\output\objects\debug\lvgl.simulator\x64\lv_style_gen.obj
c:\users\serha\downloads\lvgltest2\lv_sim_visual_studio\output\objects\debug\lvgl.simulator\x64\lv_arc.obj
c:\users\serha\downloads\lvgltest2\lv_sim_visual_studio\output\objects\debug\lvgl.simulator\x64\lv_img.obj
c:\users\serha\downloads\lvgltest2\lv_sim_visual_studio\output\objects\debug\lvgl.simulator\x64\lv_textarea.obj
c:\users\serha\downloads\lvgltest2\lv_sim_visual_studio\output\objects\debug\lvgl.simulator\x64\font_1.obj
c:\users\serha\downloads\lvgltest2\lv_sim_visual_studio\output\objects\debug\lvgl.simulator\x64\gc9a01.obj
c:\users\serha\downloads\lvgltest2\lv_sim_visual_studio\output\objects\debug\lvgl.simulator\x64\uc1610.obj
c:\users\serha\downloads\lvgltest2\lv_sim_visual_studio\output\objects\debug\lvgl.simulator\x64\sdl.obj
c:\users\serha\downloads\lvgltest2\lv_sim_visual_studio\output\objects\debug\lvgl.simulator\x64\10_valf_error.obj
c:\users\serha\downloads\lvgltest2\lv_sim_visual_studio\output\objects\debug\lvgl.simulator\x64\4_valf_stop.obj
c:\users\serha\downloads\lvgltest2\lv_sim_visual_studio\output\objects\debug\lvgl.simulator\x64\button_cipstart_normal.obj
c:\users\serha\downloads\lvgltest2\lv_sim_visual_studio\output\objects\debug\lvgl.simulator\x64\cip_tank_normal.obj
c:\users\serha\downloads\lvgltest2\lv_sim_visual_studio\output\objects\debug\lvgl.simulator\x64\filtre_run.obj
c:\users\serha\downloads\lvgltest2\lv_sim_visual_studio\output\objects\debug\lvgl.simulator\x64\psl_psh_normal.obj
c:\users\serha\downloads\lvgltest2\lv_sim_visual_studio\output\objects\debug\lvgl.simulator\x64\ui_font_gothamnarrowbook16.obj
c:\users\serha\downloads\lvgltest2\lv_sim_visual_studio\output\objects\debug\lvgl.simulator\x64\button.obj
c:\users\serha\downloads\lvgltest2\lv_sim_visual_studio\output\objects\debug\lvgl.simulator\x64\kartus.obj
c:\users\serha\downloads\lvgltest2\lv_sim_visual_studio\output\objects\debug\lvgl.simulator\x64\temiz_su_tanki.obj
c:\users\serha\downloads\lvgltest2\lv_sim_visual_studio\output\objects\debug\lvgl.simulator\x64\ftfstype.obj
c:\users\serha\downloads\lvgltest2\lv_sim_visual_studio\output\objects\debug\lvgl.simulator\x64\ftpatent.obj
c:\users\serha\downloads\lvgltest2\lv_sim_visual_studio\output\objects\debug\lvgl.simulator\x64\cff.obj
c:\users\serha\downloads\lvgltest2\lv_sim_visual_studio\output\objects\debug\lvgl.simulator\x64\smooth.obj
c:\users\serha\downloads\lvgltest2\lv_sim_visual_studio\output\objects\debug\lvgl.simulator\x64\type42.obj
c:\users\serha\downloads\lvgltest2\lv_sim_visual_studio\output\objects\debug\lvgl.simulator\x64\img_benchmark_cogwheel_indexed16.obj
c:\users\serha\downloads\lvgltest2\lv_sim_visual_studio\output\objects\debug\lvgl.simulator\x64\img_lv_demo_music_btn_list_play.obj
c:\users\serha\downloads\lvgltest2\lv_sim_visual_studio\output\objects\debug\lvgl.simulator\x64\img_lv_demo_music_btn_next_large.obj
c:\users\serha\downloads\lvgltest2\lv_sim_visual_studio\output\objects\debug\lvgl.simulator\x64\img_lv_demo_music_corner_left.obj
c:\users\serha\downloads\lvgltest2\lv_sim_visual_studio\output\objects\debug\lvgl.simulator\x64\img_lv_demo_music_cover_2_large.obj
c:\users\serha\downloads\lvgltest2\lv_sim_visual_studio\output\objects\debug\lvgl.simulator\x64\img_caret_down.obj
c:\users\serha\downloads\lvgltest2\lv_sim_visual_studio\output\objects\debug\lvgl.simulator\x64\img_hand.obj
c:\users\serha\downloads\lvgltest2\lv_sim_visual_studio\output\objects\debug\lvgl.simulator\x64\lv_example_event_4.obj
c:\users\serha\downloads\lvgltest2\lv_sim_visual_studio\output\objects\debug\lvgl.simulator\x64\lv_example_flex_5.obj
c:\users\serha\downloads\lvgltest2\lv_sim_visual_studio\output\objects\debug\lvgl.simulator\x64\lv_example_bmp_1.obj
c:\users\serha\downloads\lvgltest2\lv_sim_visual_studio\output\objects\debug\lvgl.simulator\x64\lv_example_qrcode_1.obj
c:\users\serha\downloads\lvgltest2\lv_sim_visual_studio\output\objects\debug\lvgl.simulator\x64\lv_example_gridnav_3.obj
c:\users\serha\downloads\lvgltest2\lv_sim_visual_studio\output\objects\debug\lvgl.simulator\x64\lv_example_monkey_3.obj
c:\users\serha\downloads\lvgltest2\lv_sim_visual_studio\output\objects\debug\lvgl.simulator\x64\lv_example_scroll_4.obj
c:\users\serha\downloads\lvgltest2\lv_sim_visual_studio\output\objects\debug\lvgl.simulator\x64\lv_example_style_14.obj
c:\users\serha\downloads\lvgltest2\lv_sim_visual_studio\output\objects\debug\lvgl.simulator\x64\lv_example_style_8.obj
c:\users\serha\downloads\lvgltest2\lv_sim_visual_studio\output\objects\debug\lvgl.simulator\x64\lv_example_bar_4.obj
c:\users\serha\downloads\lvgltest2\lv_sim_visual_studio\output\objects\debug\lvgl.simulator\x64\lv_example_btnmatrix_3.obj
c:\users\serha\downloads\lvgltest2\lv_sim_visual_studio\output\objects\debug\lvgl.simulator\x64\lv_example_chart_5.obj
c:\users\serha\downloads\lvgltest2\lv_sim_visual_studio\output\objects\debug\lvgl.simulator\x64\lv_example_dropdown_1.obj
c:\users\serha\downloads\lvgltest2\lv_sim_visual_studio\output\objects\debug\lvgl.simulator\x64\lv_example_keyboard_1.obj
c:\users\serha\downloads\lvgltest2\lv_sim_visual_studio\output\objects\debug\lvgl.simulator\x64\lv_example_list_1.obj
c:\users\serha\downloads\lvgltest2\lv_sim_visual_studio\output\objects\debug\lvgl.simulator\x64\lv_example_meter_2.obj
c:\users\serha\downloads\lvgltest2\lv_sim_visual_studio\output\objects\debug\lvgl.simulator\x64\lv_example_roller_3.obj
c:\users\serha\downloads\lvgltest2\lv_sim_visual_studio\output\objects\debug\lvgl.simulator\x64\lv_example_table_1.obj
c:\users\serha\downloads\lvgltest2\lv_sim_visual_studio\output\objects\debug\lvgl.simulator\x64\lv_disp.obj
c:\users\serha\downloads\lvgltest2\lv_sim_visual_studio\output\objects\debug\lvgl.simulator\x64\lv_obj_class.obj
c:\users\serha\downloads\lvgltest2\lv_sim_visual_studio\output\objects\debug\lvgl.simulator\x64\lv_refr.obj
c:\users\serha\downloads\lvgltest2\lv_sim_visual_studio\output\objects\debug\lvgl.simulator\x64\lv_draw_sdl_img.obj
c:\users\serha\downloads\lvgltest2\lv_sim_visual_studio\output\objects\debug\lvgl.simulator\x64\lv_draw_sdl_texture_cache.obj
c:\users\serha\downloads\lvgltest2\lv_sim_visual_studio\output\objects\debug\lvgl.simulator\x64\lv_draw_sw_gradient.obj
c:\users\serha\downloads\lvgltest2\lv_sim_visual_studio\output\objects\debug\lvgl.simulator\x64\lv_draw_sw_rect.obj
c:\users\serha\downloads\lvgltest2\lv_sim_visual_studio\output\objects\debug\lvgl.simulator\x64\lv_draw_rect.obj
c:\users\serha\downloads\lvgltest2\lv_sim_visual_studio\output\objects\debug\lvgl.simulator\x64\lv_img_buf.obj
c:\users\serha\downloads\lvgltest2\lv_sim_visual_studio\output\objects\debug\lvgl.simulator\x64\lv_fs_fatfs.obj
c:\users\serha\downloads\lvgltest2\lv_sim_visual_studio\output\objects\debug\lvgl.simulator\x64\lv_rlottie.obj
c:\users\serha\downloads\lvgltest2\lv_sim_visual_studio\output\objects\debug\lvgl.simulator\x64\lv_snapshot.obj
c:\users\serha\downloads\lvgltest2\lv_sim_visual_studio\output\objects\debug\lvgl.simulator\x64\lv_calendar.obj
c:\users\serha\downloads\lvgltest2\lv_sim_visual_studio\output\objects\debug\lvgl.simulator\x64\lv_menu.obj
c:\users\serha\downloads\lvgltest2\lv_sim_visual_studio\output\objects\debug\lvgl.simulator\x64\lv_spinner.obj
c:\users\serha\downloads\lvgltest2\lv_sim_visual_studio\output\objects\debug\lvgl.simulator\x64\lv_font_loader.obj
c:\users\serha\downloads\lvgltest2\lv_sim_visual_studio\output\objects\debug\lvgl.simulator\x64\lv_font_montserrat_22.obj
c:\users\serha\downloads\lvgltest2\lv_sim_visual_studio\output\objects\debug\lvgl.simulator\x64\lv_font_montserrat_36.obj
c:\users\serha\downloads\lvgltest2\lv_sim_visual_studio\output\objects\debug\lvgl.simulator\x64\lv_font_simsun_16_cjk.obj
c:\users\serha\downloads\lvgltest2\lv_sim_visual_studio\output\objects\debug\lvgl.simulator\x64\lv_bar.obj
c:\users\serha\downloads\lvgltest2\lv_sim_visual_studio\output\objects\debug\lvgl.simulator\x64\lv_label.obj
c:\users\serha\downloads\lvgltest2\lv_sim_visual_studio\output\objects\debug\lvgl.simulator\x64\test_bar.obj
c:\users\serha\downloads\lvgltest2\lv_sim_visual_studio\output\objects\debug\lvgl.simulator\x64\test_config.obj
c:\users\serha\downloads\lvgltest2\lv_sim_visual_studio\output\objects\debug\lvgl.simulator\x64\test_dropdown.obj
c:\users\serha\downloads\lvgltest2\lv_sim_visual_studio\output\objects\debug\lvgl.simulator\x64\test_line.obj
c:\users\serha\downloads\lvgltest2\lv_sim_visual_studio\output\objects\debug\lvgl.simulator\x64\test_switch.obj
c:\users\serha\downloads\lvgltest2\lv_sim_visual_studio\output\objects\debug\lvgl.simulator\x64\lv_test_init.obj
c:\users\serha\downloads\lvgltest2\lv_sim_visual_studio\output\objects\debug\lvgl.simulator\x64\ssd1963.obj
c:\users\serha\downloads\lvgltest2\lv_sim_visual_studio\output\objects\debug\lvgl.simulator\x64\evdev.obj
c:\users\serha\downloads\lvgltest2\lv_sim_visual_studio\output\objects\debug\lvgl.simulator\x64\win32drv.obj
c:\users\serha\downloads\lvgltest2\lv_sim_visual_studio\output\objects\debug\lvgl.simulator\x64\error.obj
c:\users\serha\downloads\lvgltest2\lv_sim_visual_studio\output\objects\debug\lvgl.simulator\x64\kartus_normal.obj
c:\users\serha\downloads\lvgltest2\lv_sim_visual_studio\output\objects\debug\lvgl.simulator\x64\water_1.obj
c:\users\serha\downloads\lvgltest2\lv_sim_visual_studio\output\objects\debug\lvgl.simulator\x64\dirsek_4.obj
c:\users\serha\downloads\lvgltest2\lv_sim_visual_studio\output\objects\debug\lvgl.simulator\x64\helper.obj
c:\users\serha\downloads\lvgltest2\lv_sim_visual_studio\output\objects\debug\lvgl.simulator\x64\ftbdf.obj
c:\users\serha\downloads\lvgltest2\lv_sim_visual_studio\output\objects\debug\lvgl.simulator\x64\ftinit.obj
c:\users\serha\downloads\lvgltest2\lv_sim_visual_studio\output\objects\debug\lvgl.simulator\x64\ftsynth.obj
c:\users\serha\downloads\lvgltest2\lv_sim_visual_studio\output\objects\debug\lvgl.simulator\x64\pcf.obj
c:\users\serha\downloads\lvgltest2\lv_sim_visual_studio\output\objects\debug\lvgl.simulator\x64\sdf.obj
c:\users\serha\downloads\lvgltest2\lv_sim_visual_studio\output\objects\debug\lvgl.simulator\x64\img_benchmark_cogwheel_alpha16.obj
c:\users\serha\downloads\lvgltest2\lv_sim_visual_studio\output\objects\debug\lvgl.simulator\x64\lv_demo_benchmark.obj
c:\users\serha\downloads\lvgltest2\lv_sim_visual_studio\output\objects\debug\lvgl.simulator\x64\img_lv_demo_music_btn_loop_large.obj
c:\users\serha\downloads\lvgltest2\lv_sim_visual_studio\output\objects\debug\lvgl.simulator\x64\img_lv_demo_music_btn_rnd_large.obj
c:\users\serha\downloads\lvgltest2\lv_sim_visual_studio\output\objects\debug\lvgl.simulator\x64\img_lv_demo_music_cover_1_large.obj
c:\users\serha\downloads\lvgltest2\lv_sim_visual_studio\output\objects\debug\lvgl.simulator\x64\imgbtn_mid.obj
c:\users\serha\downloads\lvgltest2\lv_sim_visual_studio\output\objects\debug\lvgl.simulator\x64\img_cogwheel_chroma_keyed.obj
c:\users\serha\downloads\lvgltest2\lv_sim_visual_studio\output\objects\debug\lvgl.simulator\x64\lv_example_get_started_1.obj
c:\users\serha\downloads\lvgltest2\lv_sim_visual_studio\output\objects\debug\lvgl.simulator\x64\lv_example_flex_6.obj
c:\users\serha\downloads\lvgltest2\lv_sim_visual_studio\output\objects\debug\lvgl.simulator\x64\lv_example_ffmpeg_1.obj
c:\users\serha\downloads\lvgltest2\lv_sim_visual_studio\output\objects\debug\lvgl.simulator\x64\lv_example_rlottie_1.obj
c:\users\serha\downloads\lvgltest2\lv_sim_visual_studio\output\objects\debug\lvgl.simulator\x64\lv_example_gridnav_2.obj
c:\users\serha\downloads\lvgltest2\lv_sim_visual_studio\output\objects\debug\lvgl.simulator\x64\lv_example_msg_2.obj
c:\users\serha\downloads\lvgltest2\lv_sim_visual_studio\output\objects\debug\lvgl.simulator\x64\lv_example_scroll_6.obj
c:\users\serha\downloads\lvgltest2\lv_sim_visual_studio\output\objects\debug\lvgl.simulator\x64\lv_example_style_2.obj
c:\users\serha\downloads\lvgltest2\lv_sim_visual_studio\output\objects\debug\lvgl.simulator\x64\lv_example_animimg_1.obj
c:\users\serha\downloads\lvgltest2\lv_sim_visual_studio\output\objects\debug\lvgl.simulator\x64\lv_example_bar_5.obj
c:\users\serha\downloads\lvgltest2\lv_sim_visual_studio\output\objects\debug\lvgl.simulator\x64\lv_example_calendar_1.obj
c:\users\serha\downloads\lvgltest2\lv_sim_visual_studio\output\objects\debug\lvgl.simulator\x64\lv_example_chart_6.obj
c:\users\serha\downloads\lvgltest2\lv_sim_visual_studio\output\objects\debug\lvgl.simulator\x64\lv_example_dropdown_2.obj
c:\users\serha\downloads\lvgltest2\lv_sim_visual_studio\output\objects\debug\lvgl.simulator\x64\lv_example_label_1.obj
c:\users\serha\downloads\lvgltest2\lv_sim_visual_studio\output\objects\debug\lvgl.simulator\x64\lv_example_list_2.obj
c:\users\serha\downloads\lvgltest2\lv_sim_visual_studio\output\objects\debug\lvgl.simulator\x64\lv_example_meter_4.obj
c:\users\serha\downloads\lvgltest2\lv_sim_visual_studio\output\objects\debug\lvgl.simulator\x64\lv_example_slider_3.obj
c:\users\serha\downloads\lvgltest2\lv_sim_visual_studio\output\objects\debug\lvgl.simulator\x64\lv_example_tabview_2.obj
c:\users\serha\downloads\lvgltest2\lv_sim_visual_studio\output\objects\debug\lvgl.simulator\x64\lv_event.obj
c:\users\serha\downloads\lvgltest2\lv_sim_visual_studio\output\objects\debug\lvgl.simulator\x64\lv_obj_scroll.obj
c:\users\serha\downloads\lvgltest2\lv_sim_visual_studio\output\objects\debug\lvgl.simulator\x64\lv_theme.obj
c:\users\serha\downloads\lvgltest2\lv_sim_visual_studio\output\objects\debug\lvgl.simulator\x64\lv_draw_sw_layer.obj
c:\users\serha\downloads\lvgltest2\lv_sim_visual_studio\output\objects\debug\lvgl.simulator\x64\lv_draw_arc.obj
c:\users\serha\downloads\lvgltest2\lv_sim_visual_studio\output\objects\debug\lvgl.simulator\x64\lv_draw_line.obj
c:\users\serha\downloads\lvgltest2\lv_sim_visual_studio\output\objects\debug\lvgl.simulator\x64\lv_ffmpeg.obj
c:\users\serha\downloads\lvgltest2\lv_sim_visual_studio\output\objects\debug\lvgl.simulator\x64\lodepng.obj
c:\users\serha\downloads\lvgltest2\lv_sim_visual_studio\output\objects\debug\lvgl.simulator\x64\lv_gridnav.obj
c:\users\serha\downloads\lvgltest2\lv_sim_visual_studio\output\objects\debug\lvgl.simulator\x64\lv_theme_default.obj
c:\users\serha\downloads\lvgltest2\lv_sim_visual_studio\output\objects\debug\lvgl.simulator\x64\lv_led.obj
c:\users\serha\downloads\lvgltest2\lv_sim_visual_studio\output\objects\debug\lvgl.simulator\x64\lv_tabview.obj
c:\users\serha\downloads\lvgltest2\lv_sim_visual_studio\output\objects\debug\lvgl.simulator\x64\lv_font_montserrat_12.obj
c:\users\serha\downloads\lvgltest2\lv_sim_visual_studio\output\objects\debug\lvgl.simulator\x64\lv_font_montserrat_26.obj
c:\users\serha\downloads\lvgltest2\lv_sim_visual_studio\output\objects\debug\lvgl.simulator\x64\lv_font_montserrat_40.obj
c:\users\serha\downloads\lvgltest2\lv_sim_visual_studio\output\objects\debug\lvgl.simulator\x64\lv_font_unscii_8.obj
c:\users\serha\downloads\lvgltest2\lv_sim_visual_studio\output\objects\debug\lvgl.simulator\x64\lv_anim_timeline.obj
c:\users\serha\downloads\lvgltest2\lv_sim_visual_studio\output\objects\debug\lvgl.simulator\x64\lv_fs.obj
c:\users\serha\downloads\lvgltest2\lv_sim_visual_studio\output\objects\debug\lvgl.simulator\x64\lv_style.obj
c:\users\serha\downloads\lvgltest2\lv_sim_visual_studio\output\objects\debug\lvgl.simulator\x64\lv_btn.obj
c:\users\serha\downloads\lvgltest2\lv_sim_visual_studio\output\objects\debug\lvgl.simulator\x64\lv_line.obj
c:\users\serha\downloads\lvgltest2\lv_sim_visual_studio\output\objects\debug\lvgl.simulator\x64\test_arc.obj
c:\users\serha\downloads\lvgltest2\lv_sim_visual_studio\output\objects\debug\lvgl.simulator\x64\test_checkbox.obj
c:\users\serha\downloads\lvgltest2\lv_sim_visual_studio\output\objects\debug\lvgl.simulator\x64\test_demo_stress.obj
c:\users\serha\downloads\lvgltest2\lv_sim_visual_studio\output\objects\debug\lvgl.simulator\x64\test_event.obj
c:\users\serha\downloads\lvgltest2\lv_sim_visual_studio\output\objects\debug\lvgl.simulator\x64\test_slider.obj
c:\users\serha\downloads\lvgltest2\lv_sim_visual_studio\output\objects\debug\lvgl.simulator\x64\_test_template.obj
c:\users\serha\downloads\lvgltest2\lv_sim_visual_studio\output\objects\debug\lvgl.simulator\x64\drm.obj
c:\users\serha\downloads\lvgltest2\lv_sim_visual_studio\output\objects\debug\lvgl.simulator\x64\gtkdrv.obj
c:\users\serha\downloads\lvgltest2\lv_sim_visual_studio\output\objects\debug\lvgl.simulator\x64\sdl_common.obj
c:\users\serha\downloads\lvgltest2\lv_sim_visual_studio\output\objects\debug\lvgl.simulator\x64\4_valf_error.obj
c:\users\serha\downloads\lvgltest2\lv_sim_visual_studio\output\objects\debug\lvgl.simulator\x64\boru_4.obj
c:\users\serha\downloads\lvgltest2\lv_sim_visual_studio\output\objects\debug\lvgl.simulator\x64\button_start_normal.obj
c:\users\serha\downloads\lvgltest2\lv_sim_visual_studio\output\objects\debug\lvgl.simulator\x64\dosing_pump_run.obj
c:\users\serha\downloads\lvgltest2\lv_sim_visual_studio\output\objects\debug\lvgl.simulator\x64\hpp_motor_stop.obj
c:\users\serha\downloads\lvgltest2\lv_sim_visual_studio\output\objects\debug\lvgl.simulator\x64\t_boru_cip.obj
c:\users\serha\downloads\lvgltest2\lv_sim_visual_studio\output\objects\debug\lvgl.simulator\x64\water_2.obj
c:\users\serha\downloads\lvgltest2\lv_sim_visual_studio\output\objects\debug\lvgl.simulator\x64\filtre.obj
c:\users\serha\downloads\lvgltest2\lv_sim_visual_studio\output\objects\debug\lvgl.simulator\x64\dosing_pump.obj
c:\users\serha\downloads\lvgltest2\lv_sim_visual_studio\output\objects\debug\lvgl.simulator\x64\ftbitmap.obj
c:\users\serha\downloads\lvgltest2\lv_sim_visual_studio\output\objects\debug\lvgl.simulator\x64\ftmm.obj
c:\users\serha\downloads\lvgltest2\lv_sim_visual_studio\output\objects\debug\lvgl.simulator\x64\bdf.obj
c:\users\serha\downloads\lvgltest2\lv_sim_visual_studio\output\objects\debug\lvgl.simulator\x64\psaux.obj
c:\users\serha\downloads\lvgltest2\lv_sim_visual_studio\output\objects\debug\lvgl.simulator\x64\winfnt.obj
c:\users\serha\downloads\lvgltest2\lv_sim_visual_studio\output\objects\debug\lvgl.simulator\x64\img_benchmark_cogwheel_rgb.obj
c:\users\serha\downloads\lvgltest2\lv_sim_visual_studio\output\objects\debug\lvgl.simulator\x64\lv_demo_keypad_encoder.obj
c:\users\serha\downloads\lvgltest2\lv_sim_visual_studio\output\objects\debug\lvgl.simulator\x64\img_lv_demo_music_btn_pause.obj
c:\users\serha\downloads\lvgltest2\lv_sim_visual_studio\output\objects\debug\lvgl.simulator\x64\img_lv_demo_music_btn_rnd.obj
c:\users\serha\downloads\lvgltest2\lv_sim_visual_studio\output\objects\debug\lvgl.simulator\x64\img_lv_demo_music_cover_1.obj
c:\users\serha\downloads\lvgltest2\lv_sim_visual_studio\output\objects\debug\lvgl.simulator\x64\img_lv_demo_music_icon_2.obj
c:\users\serha\downloads\lvgltest2\lv_sim_visual_studio\output\objects\debug\lvgl.simulator\x64\img_lv_demo_music_icon_4_large.obj
c:\users\serha\downloads\lvgltest2\lv_sim_visual_studio\output\objects\debug\lvgl.simulator\x64\img_lv_demo_music_slider_knob_large.obj
c:\users\serha\downloads\lvgltest2\lv_sim_visual_studio\output\objects\debug\lvgl.simulator\x64\img_lv_demo_music_wave_top_large.obj
c:\users\serha\downloads\lvgltest2\lv_sim_visual_studio\output\objects\debug\lvgl.simulator\x64\lv_ui_entry.obj
c:\users\serha\downloads\lvgltest2\lv_sim_visual_studio\output\objects\debug\lvgl.simulator\x64\lv_example_anim_1.obj
c:\users\serha\downloads\lvgltest2\lv_sim_visual_studio\output\objects\debug\lvgl.simulator\x64\img_emoji_f617.obj
c:\users\serha\downloads\lvgltest2\lv_sim_visual_studio\output\objects\debug\lvgl.simulator\x64\imgbtn_right.obj
c:\users\serha\downloads\lvgltest2\lv_sim_visual_studio\output\objects\debug\lvgl.simulator\x64\img_cogwheel_rgb.obj
c:\users\serha\downloads\lvgltest2\lv_sim_visual_studio\output\objects\debug\lvgl.simulator\x64\lv_example_get_started_3.obj
c:\users\serha\downloads\lvgltest2\lv_sim_visual_studio\output\objects\debug\lvgl.simulator\x64\lv_example_grid_3.obj
c:\users\serha\downloads\lvgltest2\lv_sim_visual_studio\output\objects\debug\lvgl.simulator\x64\img_bulb_gif.obj
c:\users\serha\downloads\lvgltest2\lv_sim_visual_studio\output\objects\debug\lvgl.simulator\x64\lv_example_fragment_1.obj
c:\users\serha\downloads\lvgltest2\lv_sim_visual_studio\output\objects\debug\lvgl.simulator\x64\lv_example_imgfont_1.obj
c:\users\serha\downloads\lvgltest2\lv_sim_visual_studio\output\objects\debug\lvgl.simulator\x64\lv_port_indev_template.obj
c:\users\serha\downloads\lvgltest2\lv_sim_visual_studio\output\objects\debug\lvgl.simulator\x64\lv_example_scroll_3.obj
c:\users\serha\downloads\lvgltest2\lv_sim_visual_studio\output\objects\debug\lvgl.simulator\x64\lv_example_style_11.obj
c:\users\serha\downloads\lvgltest2\lv_sim_visual_studio\output\objects\debug\lvgl.simulator\x64\lv_example_style_5.obj
c:\users\serha\downloads\lvgltest2\lv_sim_visual_studio\output\objects\debug\lvgl.simulator\x64\lv_example_bar_1.obj
c:\users\serha\downloads\lvgltest2\lv_sim_visual_studio\output\objects\debug\lvgl.simulator\x64\lv_example_btn_3.obj
c:\users\serha\downloads\lvgltest2\lv_sim_visual_studio\output\objects\debug\lvgl.simulator\x64\lv_example_chart_2.obj
c:\users\serha\downloads\lvgltest2\lv_sim_visual_studio\output\objects\debug\lvgl.simulator\x64\lv_example_checkbox_1.obj
c:\users\serha\downloads\lvgltest2\lv_sim_visual_studio\output\objects\debug\lvgl.simulator\x64\lv_example_img_3.obj
c:\users\serha\downloads\lvgltest2\lv_sim_visual_studio\output\objects\debug\lvgl.simulator\x64\lv_example_label_5.obj
c:\users\serha\downloads\lvgltest2\lv_sim_visual_studio\output\objects\debug\lvgl.simulator\x64\lv_example_menu_4.obj
c:\users\serha\downloads\lvgltest2\lv_sim_visual_studio\output\objects\debug\lvgl.simulator\x64\lv_example_obj_2.obj
c:\users\serha\downloads\lvgltest2\lv_sim_visual_studio\output\objects\debug\lvgl.simulator\x64\lv_example_spinbox_1.obj
c:\users\serha\downloads\lvgltest2\lv_sim_visual_studio\output\objects\debug\lvgl.simulator\x64\lv_example_textarea_2.obj
c:\users\serha\downloads\lvgltest2\lv_sim_visual_studio\output\objects\debug\lvgl.simulator\x64\lv_indev_scroll.obj
c:\users\serha\downloads\lvgltest2\lv_sim_visual_studio\output\objects\debug\lvgl.simulator\x64\lv_obj_tree.obj
c:\users\serha\downloads\lvgltest2\lv_sim_visual_studio\output\objects\debug\lvgl.simulator\x64\lv_draw_sdl_bg.obj
c:\users\serha\downloads\lvgltest2\lv_sim_visual_studio\output\objects\debug\lvgl.simulator\x64\lv_draw_sdl_polygon.obj
c:\users\serha\downloads\lvgltest2\lv_sim_visual_studio\output\objects\debug\lvgl.simulator\x64\lv_gpu_stm32_dma2d.obj
c:\users\serha\downloads\lvgltest2\lv_sim_visual_studio\output\objects\debug\lvgl.simulator\x64\lv_draw_sw_polygon.obj
c:\users\serha\downloads\lvgltest2\lv_sim_visual_studio\output\objects\debug\lvgl.simulator\x64\lv_draw_img.obj
c:\users\serha\downloads\lvgltest2\lv_sim_visual_studio\output\objects\debug\lvgl.simulator\x64\lv_img_decoder.obj
c:\users\serha\downloads\lvgltest2\lv_sim_visual_studio\output\objects\debug\lvgl.simulator\x64\lv_fs_stdio.obj
c:\users\serha\downloads\lvgltest2\lv_sim_visual_studio\output\objects\debug\lvgl.simulator\x64\lv_sjpg.obj
c:\users\serha\downloads\lvgltest2\lv_sim_visual_studio\output\objects\debug\lvgl.simulator\x64\lv_theme_basic.obj
c:\users\serha\downloads\lvgltest2\lv_sim_visual_studio\output\objects\debug\lvgl.simulator\x64\lv_chart.obj
c:\users\serha\downloads\lvgltest2\lv_sim_visual_studio\output\objects\debug\lvgl.simulator\x64\lv_msgbox.obj
c:\users\serha\downloads\lvgltest2\lv_sim_visual_studio\output\objects\debug\lvgl.simulator\x64\lv_extra.obj
c:\users\serha\downloads\lvgltest2\lv_sim_visual_studio\output\objects\debug\lvgl.simulator\x64\lv_font_montserrat_18.obj
c:\users\serha\downloads\lvgltest2\lv_sim_visual_studio\output\objects\debug\lvgl.simulator\x64\lv_font_montserrat_32.obj
c:\users\serha\downloads\lvgltest2\lv_sim_visual_studio\output\objects\debug\lvgl.simulator\x64\lv_font_montserrat_48.obj
c:\users\serha\downloads\lvgltest2\lv_sim_visual_studio\output\objects\debug\lvgl.simulator\x64\lv_ll.obj
c:\users\serha\downloads\lvgltest2\lv_sim_visual_studio\output\objects\debug\lvgl.simulator\x64\lv_mem.obj
c:\users\serha\downloads\lvgltest2\lv_sim_visual_studio\output\objects\debug\lvgl.simulator\x64\lv_txt_ap.obj
c:\users\serha\downloads\lvgltest2\lv_sim_visual_studio\output\objects\debug\lvgl.simulator\x64\lv_checkbox.obj
c:\users\serha\downloads\lvgltest2\lv_sim_visual_studio\output\objects\debug\lvgl.simulator\x64\lv_roller.obj
c:\users\serha\downloads\lvgltest2\lv_sim_visual_studio\output\objects\debug\lvgl.simulator\x64\test_demo_widgets.obj
c:\users\serha\downloads\lvgltest2\lv_sim_visual_studio\output\objects\debug\lvgl.simulator\x64\test_font_loader.obj
c:\users\serha\downloads\lvgltest2\lv_sim_visual_studio\output\objects\debug\lvgl.simulator\x64\test_snapshot.obj
c:\users\serha\downloads\lvgltest2\lv_sim_visual_studio\output\objects\debug\lvgl.simulator\x64\font_2.obj
c:\users\serha\downloads\lvgltest2\lv_sim_visual_studio\output\objects\debug\lvgl.simulator\x64\fbdev.obj
c:\users\serha\downloads\lvgltest2\lv_sim_visual_studio\output\objects\debug\lvgl.simulator\x64\ad_touch.obj
c:\users\serha\downloads\lvgltest2\lv_sim_visual_studio\output\objects\debug\lvgl.simulator\x64\sdl_gpu.obj
c:\users\serha\downloads\lvgltest2\lv_sim_visual_studio\output\objects\debug\lvgl.simulator\x64\10_valf_run.obj
c:\users\serha\downloads\lvgltest2\lv_sim_visual_studio\output\objects\debug\lvgl.simulator\x64\6_t_boru.obj
c:\users\serha\downloads\lvgltest2\lv_sim_visual_studio\output\objects\debug\lvgl.simulator\x64\button_menu_normal.obj
c:\users\serha\downloads\lvgltest2\lv_sim_visual_studio\output\objects\debug\lvgl.simulator\x64\button_stop_normal.obj
c:\users\serha\downloads\lvgltest2\lv_sim_visual_studio\output\objects\debug\lvgl.simulator\x64\hpp_motor_run.obj
c:\users\serha\downloads\lvgltest2\lv_sim_visual_studio\output\objects\debug\lvgl.simulator\x64\temizsutanki2.obj
c:\users\serha\downloads\lvgltest2\lv_sim_visual_studio\output\objects\debug\lvgl.simulator\x64\boru.obj
c:\users\serha\downloads\lvgltest2\lv_sim_visual_studio\output\objects\debug\lvgl.simulator\x64\dosing_tank.obj
c:\users\serha\downloads\lvgltest2\lv_sim_visual_studio\output\objects\debug\lvgl.simulator\x64\motor.obj
c:\users\serha\downloads\lvgltest2\lv_sim_visual_studio\output\objects\debug\lvgl.simulator\x64\tboru.obj
c:\users\serha\downloads\lvgltest2\lv_sim_visual_studio\output\objects\debug\lvgl.simulator\x64\ftcid.obj
c:\users\serha\downloads\lvgltest2\lv_sim_visual_studio\output\objects\debug\lvgl.simulator\x64\ftotval.obj
c:\users\serha\downloads\lvgltest2\lv_sim_visual_studio\output\objects\debug\lvgl.simulator\x64\type1cid.obj
c:\users\serha\downloads\lvgltest2\lv_sim_visual_studio\output\objects\debug\lvgl.simulator\x64\pshinter.obj
c:\users\serha\downloads\lvgltest2\lv_sim_visual_studio\output\objects\debug\lvgl.simulator\x64\truetype.obj
c:\users\serha\downloads\lvgltest2\lv_sim_visual_studio\output\objects\debug\lvgl.simulator\x64\lv_font_bechmark_montserrat_12_compr_az.c.obj
c:\users\serha\downloads\lvgltest2\lv_sim_visual_studio\output\objects\debug\lvgl.simulator\x64\img_lv_demo_music_btn_corner_large.obj
c:\users\serha\downloads\lvgltest2\lv_sim_visual_studio\output\objects\debug\lvgl.simulator\x64\img_lv_demo_music_btn_next.obj
c:\users\serha\downloads\lvgltest2\lv_sim_visual_studio\output\objects\debug\lvgl.simulator\x64\img_lv_demo_music_btn_prev_large.obj
c:\users\serha\downloads\lvgltest2\lv_sim_visual_studio\output\objects\debug\lvgl.simulator\x64\img_lv_demo_music_cover_3_large.obj
c:\users\serha\downloads\lvgltest2\lv_sim_visual_studio\output\objects\debug\lvgl.simulator\x64\img_cogwheel_argb.obj
c:\users\serha\downloads\lvgltest2\lv_sim_visual_studio\output\objects\debug\lvgl.simulator\x64\lv_example_event_3.obj
c:\users\serha\downloads\lvgltest2\lv_sim_visual_studio\output\objects\debug\lvgl.simulator\x64\lv_example_flex_4.obj
c:\users\serha\downloads\lvgltest2\lv_sim_visual_studio\output\objects\debug\lvgl.simulator\x64\lv_example_grid_6.obj
c:\users\serha\downloads\lvgltest2\lv_sim_visual_studio\output\objects\debug\lvgl.simulator\x64\lv_example_png_1.obj
c:\users\serha\downloads\lvgltest2\lv_sim_visual_studio\output\objects\debug\lvgl.simulator\x64\lv_example_gridnav_1.obj
c:\users\serha\downloads\lvgltest2\lv_sim_visual_studio\output\objects\debug\lvgl.simulator\x64\lv_example_monkey_2.obj
c:\users\serha\downloads\lvgltest2\lv_sim_visual_studio\output\objects\debug\lvgl.simulator\x64\lv_example_scroll_2.obj
c:\users\serha\downloads\lvgltest2\lv_sim_visual_studio\output\objects\debug\lvgl.simulator\x64\lv_example_style_12.obj
c:\users\serha\downloads\lvgltest2\lv_sim_visual_studio\output\objects\debug\lvgl.simulator\x64\lv_example_style_6.obj
c:\users\serha\downloads\lvgltest2\lv_sim_visual_studio\output\objects\debug\lvgl.simulator\x64\lv_example_bar_3.obj
c:\users\serha\downloads\lvgltest2\lv_sim_visual_studio\output\objects\debug\lvgl.simulator\x64\lv_example_btnmatrix_2.obj
c:\users\serha\downloads\lvgltest2\lv_sim_visual_studio\output\objects\debug\lvgl.simulator\x64\lv_example_chart_4.obj
c:\users\serha\downloads\lvgltest2\lv_sim_visual_studio\output\objects\debug\lvgl.simulator\x64\lv_example_checkbox_2.obj
c:\users\serha\downloads\lvgltest2\lv_sim_visual_studio\output\objects\debug\lvgl.simulator\x64\lv_example_imgbtn_1.obj
c:\users\serha\downloads\lvgltest2\lv_sim_visual_studio\output\objects\debug\lvgl.simulator\x64\lv_example_line_1.obj
c:\users\serha\downloads\lvgltest2\lv_sim_visual_studio\output\objects\debug\lvgl.simulator\x64\lv_example_meter_1.obj
c:\users\serha\downloads\lvgltest2\lv_sim_visual_studio\output\objects\debug\lvgl.simulator\x64\lv_example_roller_2.obj
c:\users\serha\downloads\lvgltest2\lv_sim_visual_studio\output\objects\debug\lvgl.simulator\x64\lv_example_switch_1.obj
c:\users\serha\downloads\lvgltest2\lv_sim_visual_studio\output\objects\debug\lvgl.simulator\x64\lv_example_tileview_1.obj
c:\users\serha\downloads\lvgltest2\lv_sim_visual_studio\output\objects\debug\lvgl.simulator\x64\lv_obj_draw.obj
c:\users\serha\downloads\lvgltest2\lv_sim_visual_studio\output\objects\debug\lvgl.simulator\x64\lv_draw_pxp_blend.obj
c:\users\serha\downloads\lvgltest2\lv_sim_visual_studio\output\objects\debug\lvgl.simulator\x64\lv_draw_vglite_blend.obj
c:\users\serha\downloads\lvgltest2\lv_sim_visual_studio\output\objects\debug\lvgl.simulator\x64\lv_gpu_nxp.obj
c:\users\serha\downloads\lvgltest2\lv_sim_visual_studio\output\objects\debug\lvgl.simulator\x64\lv_draw_sdl_layer.obj
c:\users\serha\downloads\lvgltest2\lv_sim_visual_studio\output\objects\debug\lvgl.simulator\x64\lv_draw_sdl_utils.obj
c:\users\serha\downloads\lvgltest2\lv_sim_visual_studio\output\objects\debug\lvgl.simulator\x64\lv_draw_sw_dither.obj
c:\users\serha\downloads\lvgltest2\lv_sim_visual_studio\output\objects\debug\lvgl.simulator\x64\lv_draw_sw_letter.obj
c:\users\serha\downloads\lvgltest2\lv_sim_visual_studio\output\objects\debug\lvgl.simulator\x64\lv_draw_label.obj
c:\users\serha\downloads\lvgltest2\lv_sim_visual_studio\output\objects\debug\lvgl.simulator\x64\lv_bmp.obj
c:\users\serha\downloads\lvgltest2\lv_sim_visual_studio\output\objects\debug\lvgl.simulator\x64\lv_gif.obj
c:\users\serha\downloads\lvgltest2\lv_sim_visual_studio\output\objects\debug\lvgl.simulator\x64\lv_fragment.obj
c:\users\serha\downloads\lvgltest2\lv_sim_visual_studio\output\objects\debug\lvgl.simulator\x64\lv_monkey.obj
c:\users\serha\downloads\lvgltest2\lv_sim_visual_studio\output\objects\debug\lvgl.simulator\x64\lv_calendar_header_arrow.obj
c:\users\serha\downloads\lvgltest2\lv_sim_visual_studio\output\objects\debug\lvgl.simulator\x64\lv_colorwheel.obj
c:\users\serha\downloads\lvgltest2\lv_sim_visual_studio\output\objects\debug\lvgl.simulator\x64\lv_spinbox.obj
c:\users\serha\downloads\lvgltest2\lv_sim_visual_studio\output\objects\debug\lvgl.simulator\x64\lv_font_montserrat_10.obj
c:\users\serha\downloads\lvgltest2\lv_sim_visual_studio\output\objects\debug\lvgl.simulator\x64\lv_font_montserrat_20.obj
c:\users\serha\downloads\lvgltest2\lv_sim_visual_studio\output\objects\debug\lvgl.simulator\x64\lv_font_montserrat_34.obj
c:\users\serha\downloads\lvgltest2\lv_sim_visual_studio\output\objects\debug\lvgl.simulator\x64\lv_font_montserrat_8.obj
c:\users\serha\downloads\lvgltest2\lv_sim_visual_studio\output\objects\debug\lvgl.simulator\x64\lv_hal_tick.obj
c:\users\serha\downloads\lvgltest2\lv_sim_visual_studio\output\objects\debug\lvgl.simulator\x64\test_txt.obj
c:\users\serha\downloads\lvgltest2\lv_sim_visual_studio\output\objects\debug\lvgl.simulator\x64\unity_support.obj
c:\users\serha\downloads\lvgltest2\lv_sim_visual_studio\output\objects\debug\lvgl.simulator\x64\sharp_mip.obj
c:\users\serha\downloads\lvgltest2\lv_sim_visual_studio\output\objects\debug\lvgl.simulator\x64\xkb.obj
c:\users\serha\downloads\lvgltest2\lv_sim_visual_studio\output\objects\debug\lvgl.simulator\x64\wayland.obj
c:\users\serha\downloads\lvgltest2\lv_sim_visual_studio\output\objects\debug\lvgl.simulator\x64\10_valf_stop.obj
c:\users\serha\downloads\lvgltest2\lv_sim_visual_studio\output\objects\debug\lvgl.simulator\x64\background_img.obj
c:\users\serha\downloads\lvgltest2\lv_sim_visual_studio\output\objects\debug\lvgl.simulator\x64\psl_psh.obj
c:\users\serha\downloads\lvgltest2\lv_sim_visual_studio\output\objects\debug\lvgl.simulator\x64\ftbbox.obj
c:\users\serha\downloads\lvgltest2\lv_sim_visual_studio\output\objects\debug\lvgl.simulator\x64\ftglyph.obj
c:\users\serha\downloads\lvgltest2\lv_sim_visual_studio\output\objects\debug\lvgl.simulator\x64\fttype1.obj
c:\users\serha\downloads\lvgltest2\lv_sim_visual_studio\output\objects\debug\lvgl.simulator\x64\ftlzw.obj
c:\users\serha\downloads\lvgltest2\lv_sim_visual_studio\output\objects\debug\lvgl.simulator\x64\raster.obj
c:\users\serha\downloads\lvgltest2\lv_sim_visual_studio\output\objects\debug\lvgl.simulator\x64\type1.obj
c:\users\serha\downloads\lvgltest2\lv_sim_visual_studio\output\objects\debug\lvgl.simulator\x64\img_benchmark_cogwheel_chroma_keyed.obj
c:\users\serha\downloads\lvgltest2\lv_sim_visual_studio\output\objects\debug\lvgl.simulator\x64\img_lv_demo_music_btn_list_pause_large.obj
c:\users\serha\downloads\lvgltest2\lv_sim_visual_studio\output\objects\debug\lvgl.simulator\x64\img_lv_demo_music_btn_play_large.obj
c:\users\serha\downloads\lvgltest2\lv_sim_visual_studio\output\objects\debug\lvgl.simulator\x64\img_lv_demo_music_cover_2.obj
c:\users\serha\downloads\lvgltest2\lv_sim_visual_studio\output\objects\debug\lvgl.simulator\x64\img_lv_demo_music_icon_2_large.obj
c:\users\serha\downloads\lvgltest2\lv_sim_visual_studio\output\objects\debug\lvgl.simulator\x64\img_lv_demo_music_list_border.obj
c:\users\serha\downloads\lvgltest2\lv_sim_visual_studio\output\objects\debug\lvgl.simulator\x64\img_lv_demo_music_wave_bottom.obj
c:\users\serha\downloads\lvgltest2\lv_sim_visual_studio\output\objects\debug\lvgl.simulator\x64\lv_demo_music_list.obj
c:\users\serha\downloads\lvgltest2\lv_sim_visual_studio\output\objects\debug\lvgl.simulator\x64\img_clothes.obj
c:\users\serha\downloads\lvgltest2\lv_sim_visual_studio\output\objects\debug\lvgl.simulator\x64\lv_rt_thread_port.obj
c:\users\serha\downloads\lvgltest2\lv_sim_visual_studio\output\objects\debug\lvgl.simulator\x64\lv_example_anim_2.obj
c:\users\serha\downloads\lvgltest2\lv_sim_visual_studio\output\objects\debug\lvgl.simulator\x64\animimg001.obj
c:\users\serha\downloads\lvgltest2\lv_sim_visual_studio\output\objects\debug\lvgl.simulator\x64\img_cogwheel_indexed16.obj
c:\users\serha\downloads\lvgltest2\lv_sim_visual_studio\output\objects\debug\lvgl.simulator\x64\lv_example_event_2.obj
c:\users\serha\downloads\lvgltest2\lv_sim_visual_studio\output\objects\debug\lvgl.simulator\x64\lv_example_flex_3.obj
c:\users\serha\downloads\lvgltest2\lv_sim_visual_studio\output\objects\debug\lvgl.simulator\x64\lv_example_grid_5.obj
c:\users\serha\downloads\lvgltest2\lv_sim_visual_studio\output\objects\debug\lvgl.simulator\x64\img_wink_png.obj
c:\users\serha\downloads\lvgltest2\lv_sim_visual_studio\output\objects\debug\lvgl.simulator\x64\lv_example_fragment_2.obj
c:\users\serha\downloads\lvgltest2\lv_sim_visual_studio\output\objects\debug\lvgl.simulator\x64\lv_example_monkey_1.obj
c:\users\serha\downloads\lvgltest2\lv_sim_visual_studio\output\objects\debug\lvgl.simulator\x64\lv_port_disp_template.obj
c:\users\serha\downloads\lvgltest2\lv_sim_visual_studio\output\objects\debug\lvgl.simulator\x64\lv_port_fs_template.obj
c:\users\serha\downloads\lvgltest2\lv_sim_visual_studio\output\objects\debug\lvgl.simulator\x64\lv_example_scroll_1.obj
c:\users\serha\downloads\lvgltest2\lv_sim_visual_studio\output\objects\debug\lvgl.simulator\x64\lv_example_style_13.obj
c:\users\serha\downloads\lvgltest2\lv_sim_visual_studio\output\objects\debug\lvgl.simulator\x64\lv_example_style_7.obj
c:\users\serha\downloads\lvgltest2\lv_sim_visual_studio\output\objects\debug\lvgl.simulator\x64\lv_example_bar_2.obj
c:\users\serha\downloads\lvgltest2\lv_sim_visual_studio\output\objects\debug\lvgl.simulator\x64\lv_example_btnmatrix_1.obj
c:\users\serha\downloads\lvgltest2\lv_sim_visual_studio\output\objects\debug\lvgl.simulator\x64\lv_example_chart_3.obj
c:\users\serha\downloads\lvgltest2\lv_sim_visual_studio\output\objects\debug\lvgl.simulator\x64\lv_example_colorwheel_1.obj
c:\users\serha\downloads\lvgltest2\lv_sim_visual_studio\output\objects\debug\lvgl.simulator\x64\lv_example_img_4.obj
c:\users\serha\downloads\lvgltest2\lv_sim_visual_studio\output\objects\debug\lvgl.simulator\x64\lv_example_led_1.obj
c:\users\serha\downloads\lvgltest2\lv_sim_visual_studio\output\objects\debug\lvgl.simulator\x64\lv_example_menu_5.obj
c:\users\serha\downloads\lvgltest2\lv_sim_visual_studio\output\objects\debug\lvgl.simulator\x64\lv_example_roller_1.obj
c:\users\serha\downloads\lvgltest2\lv_sim_visual_studio\output\objects\debug\lvgl.simulator\x64\lv_example_spinner_1.obj
c:\users\serha\downloads\lvgltest2\lv_sim_visual_studio\output\objects\debug\lvgl.simulator\x64\lv_example_textarea_3.obj
c:\users\serha\downloads\lvgltest2\lv_sim_visual_studio\output\objects\debug\lvgl.simulator\x64\lv_obj.obj
c:\users\serha\downloads\lvgltest2\lv_sim_visual_studio\output\objects\debug\lvgl.simulator\x64\lv_gpu_arm2d.obj
c:\users\serha\downloads\lvgltest2\lv_sim_visual_studio\output\objects\debug\lvgl.simulator\x64\lv_draw_sdl_label.obj
c:\users\serha\downloads\lvgltest2\lv_sim_visual_studio\output\objects\debug\lvgl.simulator\x64\lv_draw_sdl_stack_blur.obj
c:\users\serha\downloads\lvgltest2\lv_sim_visual_studio\output\objects\debug\lvgl.simulator\x64\lv_draw_sw_img.obj
c:\users\serha\downloads\lvgltest2\lv_sim_visual_studio\output\objects\debug\lvgl.simulator\x64\lv_draw.obj
c:\users\serha\downloads\lvgltest2\lv_sim_visual_studio\output\objects\debug\lvgl.simulator\x64\lv_draw_transform.obj
c:\users\serha\downloads\lvgltest2\lv_sim_visual_studio\output\objects\debug\lvgl.simulator\x64\lv_grid.obj
c:\users\serha\downloads\lvgltest2\lv_sim_visual_studio\output\objects\debug\lvgl.simulator\x64\gifdec.obj
c:\users\serha\downloads\lvgltest2\lv_sim_visual_studio\output\objects\debug\lvgl.simulator\x64\lv_png.obj
c:\users\serha\downloads\lvgltest2\lv_sim_visual_studio\output\objects\debug\lvgl.simulator\x64\lv_imgfont.obj
c:\users\serha\downloads\lvgltest2\lv_sim_visual_studio\output\objects\debug\lvgl.simulator\x64\lv_animimg.obj
c:\users\serha\downloads\lvgltest2\lv_sim_visual_studio\output\objects\debug\lvgl.simulator\x64\lv_list.obj
c:\users\serha\downloads\lvgltest2\lv_sim_visual_studio\output\objects\debug\lvgl.simulator\x64\lv_span.obj
c:\users\serha\downloads\lvgltest2\lv_sim_visual_studio\output\objects\debug\lvgl.simulator\x64\lv_font_fmt_txt.obj
c:\users\serha\downloads\lvgltest2\lv_sim_visual_studio\output\objects\debug\lvgl.simulator\x64\lv_font_montserrat_16.obj
c:\users\serha\downloads\lvgltest2\lv_sim_visual_studio\output\objects\debug\lvgl.simulator\x64\lv_font_montserrat_30.obj
c:\users\serha\downloads\lvgltest2\lv_sim_visual_studio\output\objects\debug\lvgl.simulator\x64\lv_font_montserrat_46.obj
c:\users\serha\downloads\lvgltest2\lv_sim_visual_studio\output\objects\debug\lvgl.simulator\x64\lv_async.obj
c:\users\serha\downloads\lvgltest2\lv_sim_visual_studio\output\objects\debug\lvgl.simulator\x64\lv_log.obj
c:\users\serha\downloads\lvgltest2\lv_sim_visual_studio\output\objects\debug\lvgl.simulator\x64\lv_timer.obj
c:\users\serha\downloads\lvgltest2\lv_sim_visual_studio\output\objects\debug\lvgl.simulator\x64\lv_utils.obj
c:\users\serha\downloads\lvgltest2\lv_sim_visual_studio\output\objects\debug\lvgl.simulator\x64\lv_btnmatrix.obj
c:\users\serha\downloads\lvgltest2\lv_sim_visual_studio\output\objects\debug\lvgl.simulator\x64\lv_objx_templ.obj
c:\users\serha\downloads\lvgltest2\lv_sim_visual_studio\output\objects\debug\lvgl.simulator\x64\lv_switch.obj
c:\users\serha\downloads\lvgltest2\lv_sim_visual_studio\output\objects\debug\lvgl.simulator\x64\test_fs.obj
c:\users\serha\downloads\lvgltest2\lv_sim_visual_studio\output\objects\debug\lvgl.simulator\x64\test_style.obj
c:\users\serha\downloads\lvgltest2\lv_sim_visual_studio\output\objects\debug\lvgl.simulator\x64\font_3.obj
c:\users\serha\downloads\lvgltest2\lv_sim_visual_studio\output\objects\debug\lvgl.simulator\x64\r61581.obj
c:\users\serha\downloads\lvgltest2\lv_sim_visual_studio\output\objects\debug\lvgl.simulator\x64\libinput.obj
c:\users\serha\downloads\lvgltest2\lv_sim_visual_studio\output\objects\debug\lvgl.simulator\x64\win_drv.obj
c:\users\serha\downloads\lvgltest2\lv_sim_visual_studio\output\objects\debug\lvgl.simulator\x64\4_dirsek.obj
c:\users\serha\downloads\lvgltest2\lv_sim_visual_studio\output\objects\debug\lvgl.simulator\x64\boru_10.obj
c:\users\serha\downloads\lvgltest2\lv_sim_visual_studio\output\objects\debug\lvgl.simulator\x64\button_menu_pressed.obj
c:\users\serha\downloads\lvgltest2\lv_sim_visual_studio\output\objects\debug\lvgl.simulator\x64\button_stop_pressed.obj
c:\users\serha\downloads\lvgltest2\lv_sim_visual_studio\output\objects\debug\lvgl.simulator\x64\filtre_stop.obj
c:\users\serha\downloads\lvgltest2\lv_sim_visual_studio\output\objects\debug\lvgl.simulator\x64\psl_psh_error.obj
c:\users\serha\downloads\lvgltest2\lv_sim_visual_studio\output\objects\debug\lvgl.simulator\x64\ui_font_gothamnarrowbook10.obj
c:\users\serha\downloads\lvgltest2\lv_sim_visual_studio\output\objects\debug\lvgl.simulator\x64\cip_tank.obj
c:\users\serha\downloads\lvgltest2\lv_sim_visual_studio\output\objects\debug\lvgl.simulator\x64\hpp_motor.obj
c:\users\serha\downloads\lvgltest2\lv_sim_visual_studio\output\objects\debug\lvgl.simulator\x64\valf.obj
c:\users\serha\downloads\lvgltest2\lv_sim_visual_studio\output\objects\debug\lvgl.simulator\x64\ftgasp.obj
c:\users\serha\downloads\lvgltest2\lv_sim_visual_studio\output\objects\debug\lvgl.simulator\x64\ftstroke.obj
c:\users\serha\downloads\lvgltest2\lv_sim_visual_studio\output\objects\debug\lvgl.simulator\x64\dlgwrap.obj
c:\users\serha\downloads\lvgltest2\lv_sim_visual_studio\output\objects\debug\lvgl.simulator\x64\ftgzip.obj
c:\users\serha\downloads\lvgltest2\lv_sim_visual_studio\output\objects\debug\lvgl.simulator\x64\sfnt.obj
c:\users\serha\downloads\lvgltest2\lv_sim_visual_studio\output\objects\debug\lvgl.simulator\x64\vc143.pdb
c:\users\serha\downloads\lvgltest2\lv_sim_visual_studio\output\objects\debug\lvgl.simulator\x64\lvgl.simulator.ilk
c:\users\serha\downloads\lvgltest2\lv_sim_visual_studio\output\binaries\debug\x64\lvgl.simulator.exe
c:\users\serha\downloads\lvgltest2\lv_sim_visual_studio\output\binaries\debug\x64\lvgl.simulator.pdb
c:\users\serha\downloads\lvgltest2\lv_sim_visual_studio\output\objects\debug\lvgl.simulator\x64\lvgl.simulator.res
c:\users\serha\downloads\lvgltest2\lv_sim_visual_studio\output\objects\debug\lvgl.simulator\x64\mile.project.manifest.res
c:\users\serha\downloads\lvgltest2\lv_sim_visual_studio\output\objects\debug\lvgl.simulator\x64\mile.project.version.res
c:\users\serha\downloads\lvgltest2\lv_sim_visual_studio\output\objects\debug\lvgl.simulator\x64\vc143.idb
c:\users\serha\downloads\lvgltest2\lv_sim_visual_studio\output\objects\debug\lvgl.simulator\x64\lvgl.simulator.vcxproj.filelistabsolute.txt
c:\users\serha\downloads\lvgltest2\lv_sim_visual_studio\output\objects\debug\lvgl.simulator\x64\lvgl.simulator.tlog\cl.command.1.tlog
c:\users\serha\downloads\lvgltest2\lv_sim_visual_studio\output\objects\debug\lvgl.simulator\x64\lvgl.simulator.tlog\cl.read.1.tlog
c:\users\serha\downloads\lvgltest2\lv_sim_visual_studio\output\objects\debug\lvgl.simulator\x64\lvgl.simulator.tlog\cl.write.1.tlog
c:\users\serha\downloads\lvgltest2\lv_sim_visual_studio\output\objects\debug\lvgl.simulator\x64\lvgl.simulator.tlog\link-cvtres.read.1.tlog
c:\users\serha\downloads\lvgltest2\lv_sim_visual_studio\output\objects\debug\lvgl.simulator\x64\lvgl.simulator.tlog\link-cvtres.write.1.tlog
c:\users\serha\downloads\lvgltest2\lv_sim_visual_studio\output\objects\debug\lvgl.simulator\x64\lvgl.simulator.tlog\link.5096-cvtres.read.1.tlog
c:\users\serha\downloads\lvgltest2\lv_sim_visual_studio\output\objects\debug\lvgl.simulator\x64\lvgl.simulator.tlog\link.5096-cvtres.write.1.tlog
c:\users\serha\downloads\lvgltest2\lv_sim_visual_studio\output\objects\debug\lvgl.simulator\x64\lvgl.simulator.tlog\link.5096.read.1.tlog
c:\users\serha\downloads\lvgltest2\lv_sim_visual_studio\output\objects\debug\lvgl.simulator\x64\lvgl.simulator.tlog\link.5096.read.2.tlog
c:\users\serha\downloads\lvgltest2\lv_sim_visual_studio\output\objects\debug\lvgl.simulator\x64\lvgl.simulator.tlog\link.5096.write.1.tlog
c:\users\serha\downloads\lvgltest2\lv_sim_visual_studio\output\objects\debug\lvgl.simulator\x64\lvgl.simulator.tlog\link.command.1.tlog
c:\users\serha\downloads\lvgltest2\lv_sim_visual_studio\output\objects\debug\lvgl.simulator\x64\lvgl.simulator.tlog\link.read.1.tlog
c:\users\serha\downloads\lvgltest2\lv_sim_visual_studio\output\objects\debug\lvgl.simulator\x64\lvgl.simulator.tlog\link.read.2.tlog
c:\users\serha\downloads\lvgltest2\lv_sim_visual_studio\output\objects\debug\lvgl.simulator\x64\lvgl.simulator.tlog\link.write.1.tlog
c:\users\serha\downloads\lvgltest2\lv_sim_visual_studio\output\objects\debug\lvgl.simulator\x64\lvgl.simulator.tlog\rc.command.1.tlog
c:\users\serha\downloads\lvgltest2\lv_sim_visual_studio\output\objects\debug\lvgl.simulator\x64\lvgl.simulator.tlog\rc.read.1.tlog
c:\users\serha\downloads\lvgltest2\lv_sim_visual_studio\output\objects\debug\lvgl.simulator\x64\lvgl.simulator.tlog\rc.write.1.tlog
